SF:lib/src/models/provider_state_info.dart
DA:23,1
DA:39,1
DA:40,1
DA:42,1
DA:43,3
DA:44,1
DA:45,1
DA:46,1
DA:47,1
DA:49,1
DA:50,2
DA:51,1
DA:52,1
DA:54,1
DA:55,3
DA:56,1
DA:57,1
DA:59,1
DA:60,1
DA:61,1
DA:62,1
DA:65,1
DA:66,3
DA:67,1
DA:68,1
DA:72,1
DA:73,1
DA:74,1
DA:75,1
DA:76,1
DA:77,1
DA:78,1
DA:79,2
DA:80,1
DA:81,3
DA:85,1
DA:86,2
DA:89,1
DA:90,2
DA:93,1
DA:97,1
DA:99,2
DA:100,1
DA:101,1
DA:104,1
DA:105,1
DA:107,0
DA:110,2
DA:111,2
DA:114,0
DA:116,1
DA:117,0
DA:121,1
DA:122,1
DA:124,0
DA:129,1
DA:132,1
DA:135,1
DA:137,1
DA:138,1
DA:142,1
DA:143,1
DA:145,1
DA:146,1
DA:150,1
DA:151,1
DA:153,1
DA:154,1
DA:158,1
DA:161,1
DA:163,1
DA:164,1
DA:172,1
DA:174,3
DA:175,1
DA:176,1
DA:177,1
DA:178,1
DA:183,2
DA:184,2
DA:188,4
DA:192,0
DA:195,1
DA:196,3
DA:197,3
DA:208,1
DA:216,1
DA:217,1
DA:218,1
DA:219,1
DA:220,1
DA:221,1
DA:222,1
DA:226,1
DA:227,1
DA:228,1
DA:229,1
DA:230,1
DA:231,1
DA:232,1
DA:237,1
DA:238,2
DA:239,2
DA:240,2
DA:244,1
DA:245,2
DA:246,2
DA:247,2
DA:248,2
DA:252,1
DA:253,2
DA:254,2
DA:258,1
DA:259,1
DA:260,2
DA:261,1
DA:262,3
DA:263,1
DA:264,3
DA:267,1
DA:270,1
DA:272,7
DA:283,1
DA:290,1
DA:291,1
DA:292,1
DA:293,1
DA:294,1
DA:295,1
LF:129
LH:124
end_of_record
